<?xml version="1.0" encoding="UTF-8"?>
<DancePerfect Version="4.1">
 
  <CompData
      Name="TurboMegatÃ¤vling"
      Date="2014-11-22"
      Place="THUNDERDOME"
      AdjOrderFinal="1"
      AdjOrderOther="0"
      SameHeatAllDances="1"
      PreView="1"
      HeatText="1"
      NameOnNumberSign="0"
      ClubOnNumberSign="0"
      SkipAdjLetter="0"
      PrinterSelectPaper="0"
      ChineseFonts="1"
      ArialFont="SimSun"
      CourierFont="NSimSun"/>
 
    <AdjPanelList>
      <AdjList Qty="3">
	<Adjudicator Seq="0" Name="Anders" Country="Sweden"/>
	<Adjudicator Seq="1" Name="Bertil" Country=""/>
	<Adjudicator Seq="2" Name="Cesar" Country=""/>
      </AdjList>
      <PanelList Qty="30">
	<Panel Seq="0" Qty="2">
          <PanelAdj Seq="0" AdjNumber="0"/>
          <PanelAdj Seq="1" AdjNumber="1"/>
        </Panel>
	<Panel Seq="1" Qty="2">
          <PanelAdj Seq="0" AdjNumber="1"/>
          <PanelAdj Seq="1" AdjNumber="2"/>
        </Panel>
	<Panel Seq="2" Qty="0"/>
	<Panel Seq="3" Qty="0"/>
	<Panel Seq="4" Qty="0"/>
	<Panel Seq="5" Qty="0"/>
	<Panel Seq="6" Qty="0"/>
	<Panel Seq="7" Qty="0"/>
	<Panel Seq="8" Qty="0"/>
	<Panel Seq="9" Qty="0"/>
	<Panel Seq="10" Qty="0"/>
	<Panel Seq="11" Qty="0"/>
	<Panel Seq="12" Qty="0"/>
	<Panel Seq="13" Qty="0"/>
	<Panel Seq="14" Qty="0"/>
	<Panel Seq="15" Qty="0"/>
	<Panel Seq="16" Qty="0"/>
	<Panel Seq="17" Qty="0"/>
	<Panel Seq="18" Qty="0"/>
	<Panel Seq="19" Qty="0"/>
	<Panel Seq="20" Qty="0"/>
	<Panel Seq="21" Qty="0"/>
	<Panel Seq="22" Qty="0"/>
	<Panel Seq="23" Qty="0"/>
	<Panel Seq="24" Qty="0"/>
	<Panel Seq="25" Qty="0"/>
	<Panel Seq="26" Qty="0"/>
	<Panel Seq="27" Qty="0"/>
	<Panel Seq="28" Qty="0"/>
	<Panel Seq="29" Qty="0"/>
      </PanelList>
    </AdjPanelList>
 
    <ClassList>
      <Class Seq="0" Name="Hiphop Singel Star B" AdjPanel="1">
	<!-- A dance list can contain several dances that will be run in this class -->
	<DanceList Qty="10">
          <Dance Seq="0" Name="Medium"/>
	  <Dance Seq="1" Name="Tango"/>
	  <Dance Seq="2" Name="VienWaltz"/>
        </DanceList>
	<StartList Qty="3">
          <Couple Seq="0" Number="30" Name="Rulle Trulle" Club="Sinus" License=""/>
          <Couple Seq="1" Number="31" Name="Hush Bush" Club="Zilson" License=""/>
          <Couple Seq="2" Number="32" Name="Banana Hamock" Club="Zzzz" License=""/>
	</StartList>
	<!-- Results contains a list of all round results.
             There are different kinds of rounds:
             "F" -> "Final"
             "E" -> "2nd Try"
             "S" -> "Semifinal"
	     "O" -> "Retry"
             <number X> -> "Round X"
	     No results yield "Not Started"

             Note that for "F" the marks will not be "X" but some number made up by the judge
             i.e. "1" "2" or "6"

             The number of competitors still in the competition is decided by the number of "R"
             (already recalled from previous round) and "X" (marked in the current round). So
             "X" + "R" in the last result = The number of competitiors still in the competition -->
	<Results Qty="1">
          <Result Seq="0" Round="S" AdjQty="3" D3="0">
            <AdjList>
              <Adjudicator Seq="0" Number="3"/>
              <Adjudicator Seq="1" Number="4"/>
              <Adjudicator Seq="2" Number="5"/>
            </AdjList>
            <DanceList>
              <Dance Seq="0" Name="X-Quick Forward"/>
            </DanceList>
            <ResultArray>
              <Couple Seq="0" DanceQty="1" AdjQty="3" Number="30" Recalled=" ">
		<MarkList>
                  <Mark Seq="0" X="X" D3="" A="" B=""/>
                  <Mark Seq="1" X=" " D3="" A="" B=""/>
                  <Mark Seq="2" X="X" D3="" A="" B=""/>
		</MarkList>
              </Couple>
              <Couple Seq="1" DanceQty="1" AdjQty="3" Number="31" Recalled=" ">
		<MarkList>
                  <Mark Seq="0" X=" " D3="" A="" B=""/>
                  <Mark Seq="1" X="X" D3="" A="" B=""/>
                  <Mark Seq="2" X=" " D3="" A="" B=""/>
		</MarkList>
              </Couple>
              <Couple Seq="2" DanceQty="1" AdjQty="3" Number="32" Recalled=" ">
		<MarkList>
                  <Mark Seq="0" X="X" D3="" A="" B=""/>
                  <Mark Seq="1" X=" " D3="" A="" B=""/>
                  <Mark Seq="2" X=" " D3="" A="" B=""/>
		</MarkList>
              </Couple>
            </ResultArray>
          </Result>
	</Results>
      </Class>

      <Class Seq="1" Name="Hiphop Singel Star J Fl" AdjPanel="0">
	<DanceList Qty="0"/>
	<StartList Qty="2">
          <Couple Name="Ringo Stingo" Seq="0" License="" Club="Kapangg" Number="20"/>
          <Couple Name="Greve Turbo" Seq="1" License="" Club="OOoost" Number="21"/>
	</StartList>
	<Results Qty="0"/>
      </Class>   
    </ClassList>
</DancePerfect>
